Flutter crash report.
Please report a bug at https://github.com/flutter/flutter/issues.

## command

flutter run --machine --start-paused -d 00008030-00062024366A802E --devtools-server-address http://127.0.0.1:9100/ --target /Users/trantanduc/Desktop/ChickenCombat/chicken_combat/lib/main.dart

## exception

ShaderCompilerException: ShaderCompilerException: The impellerc utility is missing at "/Users/trantanduc/Downloads/flutter/bin/cache/artifacts/engine/darwin-x64/impellerc". Run "flutter doctor".



```
#0      ShaderCompiler.compileShader (package:flutter_tools/src/build_system/targets/shader_compiler.dart:171:7)
#1      DevelopmentShaderCompiler.recompileShader (package:flutter_tools/src/build_system/targets/shader_compiler.dart:104:50)
<asynchronous suspension>
#2      DevFS.update.<anonymous closure>.<anonymous closure> (package:flutter_tools/src/devfs.dart:642:26)
<asynchronous suspension>
```

## flutter doctor

```
[☠] Flutter (the doctor check crashed)
    ✗ Due to an error, the doctor check did not complete. If the error message below is not helpful, please let us know about this issue at https://github.com/flutter/flutter/issues.
    ✗ Exception: Could not find directory at /Users/trantanduc/Downloads/flutter/bin/cache/dart-sdk/bin/resources/devtools
    • #0      Cache.devToolsVersion (package:flutter_tools/src/cache.dart:386:9)
      #1      _DefaultDoctorValidatorsProvider.validators.<anonymous closure> (package:flutter_tools/src/doctor.dart:135:46)
      #2      FlutterValidator.validate (package:flutter_tools/src/doctor.dart:579:84)
      #3      Doctor.startValidatorTasks.<anonymous closure> (package:flutter_tools/src/doctor.dart:272:72)
      #4      asyncGuard.<anonymous closure> (package:flutter_tools/src/base/async_guard.dart:111:32)
      #5      _rootRun (dart:async/zone.dart:1399:13)
      #6      _CustomZone.run (dart:async/zone.dart:1301:19)
      #7      _runZoned (dart:async/zone.dart:1804:10)
      #8      runZonedGuarded (dart:async/zone.dart:1792:12)
      #9      runZoned (dart:async/zone.dart:1744:12)
      #10     asyncGuard (package:flutter_tools/src/base/async_guard.dart:109:3)
      #11     Doctor.startValidatorTasks (package:flutter_tools/src/doctor.dart:264:9)
      #12     DoctorText._validatorTasks (package:flutter_tools/src/doctor.dart:792:60)
      #13     DoctorText._validatorTasks (package:flutter_tools/src/doctor.dart)
      #14     DoctorText._runDiagnosis (package:flutter_tools/src/doctor.dart:796:53)
      #15     DoctorText.text (package:flutter_tools/src/doctor.dart:788:36)
      #16     DoctorText.text (package:flutter_tools/src/doctor.dart)
      #17     _createLocalCrashReport (package:flutter_tools/runner.dart:262:51)
      #18     _handleToolError (package:flutter_tools/runner.dart:224:31)
      <asynchronous suspension>
      #19     run.<anonymous closure>.<anonymous closure> (package:flutter_tools/runner.dart:142:7)
      <asynchronous suspension>


[!] Android toolchain - develop for Android devices (Android SDK version 33.0.1)
    • Android SDK at /Users/trantanduc/Library/Android/sdk
    • Platform android-34, build-tools 33.0.1
    • Java binary at: /Applications/Android Studio.app/Contents/jbr/Contents/Home/bin/java
    • Java version OpenJDK Runtime Environment (build 17.0.6+0-17.0.6b829.9-10027231)
    ! Some Android licenses not accepted. To resolve this, run: flutter doctor --android-licenses

[!] Xcode - develop for iOS and macOS (Xcode 14.3.1)
    • Xcode at /Users/trantanduc/Downloads/Xcode.app/Contents/Developer
    • Build 14E300c
    ! CocoaPods 1.12.1 out of date (1.13.0 is recommended).
        CocoaPods is used to retrieve the iOS and macOS platform side's plugin code that responds to your plugin usage on the Dart side.
        Without CocoaPods, plugins will not work on iOS or macOS.
        For more info, see https://flutter.dev/platform-plugins
      To upgrade see https://guides.cocoapods.org/using/getting-started.html#updating-cocoapods for instructions.

[✓] Chrome - develop for the web
    • Chrome at /Applications/Google Chrome.app/Contents/MacOS/Google Chrome

[✓] Android Studio (version 2022.3)
    • Android Studio at /Applications/Android Studio.app/Contents
    • Flutter plugin can be installed from:
      🔨 https://plugins.jetbrains.com/plugin/9212-flutter
    • Dart plugin can be installed from:
      🔨 https://plugins.jetbrains.com/plugin/6351-dart
    • Java version OpenJDK Runtime Environment (build 17.0.6+0-17.0.6b829.9-10027231)

[✓] VS Code (version 1.80.1)
    • VS Code at /Users/trantanduc/Downloads/Visual Studio Code 2.app/Contents
    • Flutter extension version 3.84.0

[✓] Connected device (3 available)
    • Chewie’s iPhone (mobile) • 00008030-00062024366A802E • ios            • iOS 14.4.1 18D61
    • macOS (desktop)          • macos                     • darwin-arm64   • macOS 14.1.1 23B81 darwin-arm64
    • Chrome (web)             • chrome                    • web-javascript • Google Chrome 123.0.6312.58

[✓] Network resources
    • All expected network resources are available.

! Doctor found issues in 3 categories.
```
